{"numTotalTestSuites":2,"numPassedTestSuites":0,"numFailedTestSuites":2,"numPendingTestSuites":0,"numTotalTests":5,"numPassedTests":0,"numFailedTests":5,"numPendingTests":0,"numTodoTests":0,"snapshot":{"added":0,"failure":false,"filesAdded":0,"filesRemoved":0,"filesRemovedList":[],"filesUnmatched":0,"filesUpdated":0,"matched":0,"total":0,"unchecked":0,"uncheckedKeysByFile":[],"unmatched":0,"updated":0,"didUpdate":false},"startTime":1773471998378,"success":false,"testResults":[{"assertionResults":[{"ancestorTitles":["LoginPage Component"],"fullName":"LoginPage Component renders login form by default","status":"failed","title":"renders login form by default","duration":119.32040000000006,"failureMessages":["TestingLibraryElementError: Found a label with the text of: Email, however no form control was found associated to that label. Make sure you're using the \"for\" attribute or \"aria-labelledby\" attribute correctly.\n\nIgnored nodes: comments, script, style\n\u001b[36m<body>\u001b[39m\n  \u001b[36m<div>\u001b[39m\n    \u001b[36m<div\u001b[39m\n      \u001b[33mclass\u001b[39m=\u001b[32m\"login-page\"\u001b[39m\n    \u001b[36m>\u001b[39m\n      \u001b[36m<div\u001b[39m\n        \u001b[33mclass\u001b[39m=\u001b[32m\"login-page__container\"\u001b[39m\n      \u001b[36m>\u001b[39m\n        \u001b[36m<h1\u001b[39m\n          \u001b[33mclass\u001b[39m=\u001b[32m\"login-page__title\"\u001b[39m\n        \u001b[36m>\u001b[39m\n          \u001b[0mKP-CRM\u001b[0m\n        \u001b[36m</h1>\u001b[39m\n        \u001b[36m<h2\u001b[39m\n          \u001b[33mclass\u001b[39m=\u001b[32m\"login-page__subtitle\"\u001b[39m\n        \u001b[36m>\u001b[39m\n          \u001b[0m╨Т╤Е╨╛╨┤ ╨▓ ╤Б╨╕╤Б╤В╨╡╨╝╤Г\u001b[0m\n        \u001b[36m</h2>\u001b[39m\n        \u001b[36m<form\u001b[39m\n          \u001b[33mclass\u001b[39m=\u001b[32m\"login-page__form\"\u001b[39m\n        \u001b[36m>\u001b[39m\n          \u001b[36m<div\u001b[39m\n            \u001b[33mclass\u001b[39m=\u001b[32m\"login-page__form-group\"\u001b[39m\n          \u001b[36m>\u001b[39m\n            \u001b[36m<label>\u001b[39m\n              \u001b[0mEmail\u001b[0m\n            \u001b[36m</label>\u001b[39m\n            \u001b[36m<input\u001b[39m\n              \u001b[33mplaceholder\u001b[39m=\u001b[32m\"name@example.com\"\u001b[39m\n              \u001b[33mrequired\u001b[39m=\u001b[32m\"\"\u001b[39m\n              \u001b[33mtype\u001b[39m=\u001b[32m\"email\"\u001b[39m\n              \u001b[33mvalue\u001b[39m=\u001b[32m\"\"\u001b[39m\n            \u001b[36m/>\u001b[39m\n          \u001b[36m</div>\u001b[39m\n          \u001b[36m<div\u001b[39m\n            \u001b[33mclass\u001b[39m=\u001b[32m\"login-page__form-group\"\u001b[39m\n          \u001b[36m>\u001b[39m\n            \u001b[36m<label>\u001b[39m\n              \u001b[0m╨Я╨░╤А╨╛╨╗╤М\u001b[0m\n            \u001b[36m</label>\u001b[39m\n            \u001b[36m<input\u001b[39m\n              \u001b[33mplaceholder\u001b[39m=\u001b[32m\"тАвтАвтАвтАвтАвтАвтАвтАв\"\u001b[39m\n              \u001b[33mrequired\u001b[39m=\u001b[32m\"\"\u001b[39m\n              \u001b[33mtype\u001b[39m=\u001b[32m\"password\"\u001b[39m\n              \u001b[33mvalue\u001b[39m=\u001b[32m\"\"\u001b[39m\n            \u001b[36m/>\u001b[39m\n          \u001b[36m</div>\u001b[39m\n          \u001b[36m<button\u001b[39m\n            \u001b[33mclass\u001b[39m=\u001b[32m\"login-page__button\"\u001b[39m\n            \u001b[33mtype\u001b[39m=\u001b[32m\"submit\"\u001b[39m\n          \u001b[36m>\u001b[39m\n            \u001b[0m╨Т╨╛╨╣╤В╨╕\u001b[0m\n          \u001b[36m</button>\u001b[39m\n        \u001b[36m</form>\u001b[39m\n        \u001b[36m<div\u001b[39m\n          \u001b[33mclass\u001b[39m=\u001b[32m\"login-page__footer\"\u001b[39m\n        \u001b[36m>\u001b[39m\n          \u001b[36m<p>\u001b[39m\n            \u001b[0m╨Э╨╡╤В ╨░╨║╨║╨░╤Г╨╜╤В╨░? \u001b[0m\n            \u001b[36m<button>\u001b[39m\n              \u001b[0m╨б╨╛╨╖╨┤╨░╤В╤М\u001b[0m\n            \u001b[36m</button>\u001b[39m\n          \u001b[36m</p>\u001b[39m\n        \u001b[36m</div>\u001b[39m\n      \u001b[36m</div>\u001b[39m\n      \u001b[36m<div\u001b[39m\n        \u001b[33mclass\u001b[39m=\u001b[32m\"login-page__decoration\"\u001b[39m\n      \u001b[36m>\u001b[39m\n        \u001b[36m<div\u001b[39m\n          \u001b[33mclass\u001b[39m=\u001b[32m\"login-page__quarter-circle\"\u001b[39m\n        \u001b[36m/>\u001b[39m\n        \u001b[36m<div\u001b[39m\n          \u001b[33mclass\u001b[39m=\u001b[32m\"login-page__white-arc\"\u001b[39m\n        \u001b[36m/>\u001b[39m\n      \u001b[36m</div>\u001b[39m\n    \u001b[36m</div>\u001b[39m\n  \u001b[36m</div>\u001b[39m\n\u001b[36m</body>\u001b[39m\n    at Object.getElementError (C:\\Users\\kllvv\\Downloads\\CRM\\CRM-web-app\\node_modules\\@testing-library\\dom\\dist\\config.js:37:19)\n    at getAllByLabelText (C:\\Users\\kllvv\\Downloads\\CRM\\CRM-web-app\\node_modules\\@testing-library\\dom\\dist\\queries\\label-text.js:108:40)\n    at C:\\Users\\kllvv\\Downloads\\CRM\\CRM-web-app\\node_modules\\@testing-library\\dom\\dist\\query-helpers.js:52:17\n    at C:\\Users\\kllvv\\Downloads\\CRM\\CRM-web-app\\node_modules\\@testing-library\\dom\\dist\\query-helpers.js:95:19\n    at C:/Users/kllvv/Downloads/CRM/CRM-web-app/src/components/LoginPage/LoginPage.test.tsx:25:19\n    at file:///C:/Users/kllvv/Downloads/CRM/CRM-web-app/node_modules/@vitest/runner/dist/index.js:296:11\n    at file:///C:/Users/kllvv/Downloads/CRM/CRM-web-app/node_modules/@vitest/runner/dist/index.js:1258:26\n    at file:///C:/Users/kllvv/Downloads/CRM/CRM-web-app/node_modules/@vitest/runner/dist/index.js:1681:20\n    at new Promise (<anonymous>)\n    at runWithCancel (file:///C:/Users/kllvv/Downloads/CRM/CRM-web-app/node_modules/@vitest/runner/dist/index.js:1678:10)"],"meta":{},"tags":[]},{"ancestorTitles":["LoginPage Component"],"fullName":"LoginPage Component switches to registration form when clicking create account","status":"failed","title":"switches to registration form when clicking create account","duration":24.683199999999943,"failureMessages":["TestingLibraryElementError: Found a label with the text of: ╨Т╨░╤И╨╡ ╨Ш╨╝╤П ╨╕ ╨д╨░╨╝╨╕╨╗╨╕╤П, however no form control was found associated to that label. Make sure you're using the \"for\" attribute or \"aria-labelledby\" attribute correctly.\n\nIgnored nodes: comments, script, style\n\u001b[36m<body>\u001b[39m\n  \u001b[36m<div>\u001b[39m\n    \u001b[36m<div\u001b[39m\n      \u001b[33mclass\u001b[39m=\u001b[32m\"login-page\"\u001b[39m\n    \u001b[36m>\u001b[39m\n      \u001b[36m<div\u001b[39m\n        \u001b[33mclass\u001b[39m=\u001b[32m\"login-page__container\"\u001b[39m\n      \u001b[36m>\u001b[39m\n        \u001b[36m<h1\u001b[39m\n          \u001b[33mclass\u001b[39m=\u001b[32m\"login-page__title\"\u001b[39m\n        \u001b[36m>\u001b[39m\n          \u001b[0mKP-CRM\u001b[0m\n        \u001b[36m</h1>\u001b[39m\n        \u001b[36m<h2\u001b[39m\n          \u001b[33mclass\u001b[39m=\u001b[32m\"login-page__subtitle\"\u001b[39m\n        \u001b[36m>\u001b[39m\n          \u001b[0m╨а╨╡╨│╨╕╤Б╤В╤А╨░╤Ж╨╕╤П\u001b[0m\n        \u001b[36m</h2>\u001b[39m\n        \u001b[36m<form\u001b[39m\n          \u001b[33mclass\u001b[39m=\u001b[32m\"login-page__form\"\u001b[39m\n        \u001b[36m>\u001b[39m\n          \u001b[36m<div\u001b[39m\n            \u001b[33mclass\u001b[39m=\u001b[32m\"login-page__form-group\"\u001b[39m\n          \u001b[36m>\u001b[39m\n            \u001b[36m<label>\u001b[39m\n              \u001b[0m╨Т╨░╤И╨╡ ╨Ш╨╝╤П ╨╕ ╨д╨░╨╝╨╕╨╗╨╕╤П\u001b[0m\n            \u001b[36m</label>\u001b[39m\n            \u001b[36m<input\u001b[39m\n              \u001b[33mplaceholder\u001b[39m=\u001b[32m\"╨Ш╨▓╨░╨╜ ╨Ш╨▓╨░╨╜╨╛╨▓\"\u001b[39m\n              \u001b[33mrequired\u001b[39m=\u001b[32m\"\"\u001b[39m\n              \u001b[33mtype\u001b[39m=\u001b[32m\"text\"\u001b[39m\n              \u001b[33mvalue\u001b[39m=\u001b[32m\"\"\u001b[39m\n            \u001b[36m/>\u001b[39m\n          \u001b[36m</div>\u001b[39m\n          \u001b[36m<div\u001b[39m\n            \u001b[33mclass\u001b[39m=\u001b[32m\"login-page__form-group\"\u001b[39m\n          \u001b[36m>\u001b[39m\n            \u001b[36m<label>\u001b[39m\n              \u001b[0m╨Ш╨╝╤П ╨┐╨╛╨╗╤М╨╖╨╛╨▓╨░╤В╨╡╨╗╤П (╨Э╨╕╨║╨╜╨╡╨╣╨╝)\u001b[0m\n            \u001b[36m</label>\u001b[39m\n            \u001b[36m<input\u001b[39m\n              \u001b[33mplaceholder\u001b[39m=\u001b[32m\"ivan_i\"\u001b[39m\n              \u001b[33mtype\u001b[39m=\u001b[32m\"text\"\u001b[39m\n              \u001b[33mvalue\u001b[39m=\u001b[32m\"\"\u001b[39m\n            \u001b[36m/>\u001b[39m\n          \u001b[36m</div>\u001b[39m\n          \u001b[36m<div\u001b[39m\n            \u001b[33mclass\u001b[39m=\u001b[32m\"login-page__form-group\"\u001b[39m\n          \u001b[36m>\u001b[39m\n            \u001b[36m<label>\u001b[39m\n              \u001b[0mEmail\u001b[0m\n            \u001b[36m</label>\u001b[39m\n            \u001b[36m<input\u001b[39m\n              \u001b[33mplaceholder\u001b[39m=\u001b[32m\"name@example.com\"\u001b[39m\n              \u001b[33mrequired\u001b[39m=\u001b[32m\"\"\u001b[39m\n              \u001b[33mtype\u001b[39m=\u001b[32m\"email\"\u001b[39m\n              \u001b[33mvalue\u001b[39m=\u001b[32m\"\"\u001b[39m\n            \u001b[36m/>\u001b[39m\n          \u001b[36m</div>\u001b[39m\n          \u001b[36m<div\u001b[39m\n            \u001b[33mclass\u001b[39m=\u001b[32m\"login-page__form-group\"\u001b[39m\n          \u001b[36m>\u001b[39m\n            \u001b[36m<label>\u001b[39m\n              \u001b[0m╨Я╨░╤А╨╛╨╗╤М\u001b[0m\n            \u001b[36m</label>\u001b[39m\n            \u001b[36m<input\u001b[39m\n              \u001b[33mplaceholder\u001b[39m=\u001b[32m\"тАвтАвтАвтАвтАвтАвтАвтАв\"\u001b[39m\n              \u001b[33mrequired\u001b[39m=\u001b[32m\"\"\u001b[39m\n              \u001b[33mtype\u001b[39m=\u001b[32m\"password\"\u001b[39m\n              \u001b[33mvalue\u001b[39m=\u001b[32m\"\"\u001b[39m\n            \u001b[36m/>\u001b[39m\n          \u001b[36m</div>\u001b[39m\n          \u001b[36m<button\u001b[39m\n            \u001b[33mclass\u001b[39m=\u001b[32m\"login-page__button\"\u001b[39m\n            \u001b[33mtype\u001b[39m=\u001b[32m\"submit\"\u001b[39m\n          \u001b[36m>\u001b[39m\n            \u001b[0m╨Ч╨░╤А╨╡╨│╨╕╤Б╤В╤А╨╕╤А╨╛╨▓╨░╤В╤М╤Б╤П\u001b[0m\n          \u001b[36m</button>\u001b[39m\n        \u001b[36m</form>\u001b[39m\n        \u001b[36m<div\u001b[39m\n          \u001b[33mclass\u001b[39m=\u001b[32m\"login-page__footer\"\u001b[39m\n        \u001b[36m>\u001b[39m\n          \u001b[36m<p>\u001b[39m\n            \u001b[0m╨г╨╢╨╡ ╨╡╤Б╤В╤М ╨░╨║╨║╨░╤Г╨╜╤В? \u001b[0m\n            \u001b[36m<button>\u001b[39m\n              \u001b[0m╨Т╨╛╨╣╤В╨╕\u001b[0m\n            \u001b[36m</button>\u001b[39m\n          \u001b[36m</p>\u001b[39m\n        \u001b[36m</div>\u001b[39m\n      \u001b[36m</div>\u001b[39m\n      \u001b[36m<div\u001b[39m\n        \u001b[33mclass\u001b[39m=\u001b[32m\"login-page__decoration\"\u001b[39m\n      \u001b[36m>\u001b[39m\n        \u001b[36m<div\u001b[39m\n          \u001b[33mclass\u001b[39m=\u001b[32m\"login-page__quarter-circle\"\u001b[39m\n        \u001b[36m/>\u001b[39m\n        \u001b[36m<div\u001b[39m\n          \u001b[33mclass\u001b[39m=\u001b[32m\"login-page__white-arc\"\u001b[39m\n        \u001b[36m/>\u001b[39m\n      \u001b[36m</div>\u001b[39m\n    \u001b[36m</div>\u001b[39m\n  \u001b[36m</div>\u001b[39m\n\u001b[36m</body>\u001b[39m\n    at Object.getElementError (C:\\Users\\kllvv\\Downloads\\CRM\\CRM-web-app\\node_modules\\@testing-library\\dom\\dist\\config.js:37:19)\n    at getAllByLabelText (C:\\Users\\kllvv\\Downloads\\CRM\\CRM-web-app\\node_modules\\@testing-library\\dom\\dist\\queries\\label-text.js:108:40)\n    at C:\\Users\\kllvv\\Downloads\\CRM\\CRM-web-app\\node_modules\\@testing-library\\dom\\dist\\query-helpers.js:52:17\n    at C:\\Users\\kllvv\\Downloads\\CRM\\CRM-web-app\\node_modules\\@testing-library\\dom\\dist\\query-helpers.js:95:19\n    at C:/Users/kllvv/Downloads/CRM/CRM-web-app/src/components/LoginPage/LoginPage.test.tsx:36:19\n    at file:///C:/Users/kllvv/Downloads/CRM/CRM-web-app/node_modules/@vitest/runner/dist/index.js:296:11\n    at file:///C:/Users/kllvv/Downloads/CRM/CRM-web-app/node_modules/@vitest/runner/dist/index.js:1258:26\n    at file:///C:/Users/kllvv/Downloads/CRM/CRM-web-app/node_modules/@vitest/runner/dist/index.js:1681:20\n    at new Promise (<anonymous>)\n    at runWithCancel (file:///C:/Users/kllvv/Downloads/CRM/CRM-web-app/node_modules/@vitest/runner/dist/index.js:1678:10)"],"meta":{},"tags":[]},{"ancestorTitles":["LoginPage Component"],"fullName":"LoginPage Component handles successful login","status":"failed","title":"handles successful login","duration":2.901299999999992,"failureMessages":["TestingLibraryElementError: Found a label with the text of: Email, however no form control was found associated to that label. Make sure you're using the \"for\" attribute or \"aria-labelledby\" attribute correctly.\n\nIgnored nodes: comments, script, style\n\u001b[36m<body>\u001b[39m\n  \u001b[36m<div>\u001b[39m\n    \u001b[36m<div\u001b[39m\n      \u001b[33mclass\u001b[39m=\u001b[32m\"login-page\"\u001b[39m\n    \u001b[36m>\u001b[39m\n      \u001b[36m<div\u001b[39m\n        \u001b[33mclass\u001b[39m=\u001b[32m\"login-page__container\"\u001b[39m\n      \u001b[36m>\u001b[39m\n        \u001b[36m<h1\u001b[39m\n          \u001b[33mclass\u001b[39m=\u001b[32m\"login-page__title\"\u001b[39m\n        \u001b[36m>\u001b[39m\n          \u001b[0mKP-CRM\u001b[0m\n        \u001b[36m</h1>\u001b[39m\n        \u001b[36m<h2\u001b[39m\n          \u001b[33mclass\u001b[39m=\u001b[32m\"login-page__subtitle\"\u001b[39m\n        \u001b[36m>\u001b[39m\n          \u001b[0m╨Т╤Е╨╛╨┤ ╨▓ ╤Б╨╕╤Б╤В╨╡╨╝╤Г\u001b[0m\n        \u001b[36m</h2>\u001b[39m\n        \u001b[36m<form\u001b[39m\n          \u001b[33mclass\u001b[39m=\u001b[32m\"login-page__form\"\u001b[39m\n        \u001b[36m>\u001b[39m\n          \u001b[36m<div\u001b[39m\n            \u001b[33mclass\u001b[39m=\u001b[32m\"login-page__form-group\"\u001b[39m\n          \u001b[36m>\u001b[39m\n            \u001b[36m<label>\u001b[39m\n              \u001b[0mEmail\u001b[0m\n            \u001b[36m</label>\u001b[39m\n            \u001b[36m<input\u001b[39m\n              \u001b[33mplaceholder\u001b[39m=\u001b[32m\"name@example.com\"\u001b[39m\n              \u001b[33mrequired\u001b[39m=\u001b[32m\"\"\u001b[39m\n              \u001b[33mtype\u001b[39m=\u001b[32m\"email\"\u001b[39m\n              \u001b[33mvalue\u001b[39m=\u001b[32m\"\"\u001b[39m\n            \u001b[36m/>\u001b[39m\n          \u001b[36m</div>\u001b[39m\n          \u001b[36m<div\u001b[39m\n            \u001b[33mclass\u001b[39m=\u001b[32m\"login-page__form-group\"\u001b[39m\n          \u001b[36m>\u001b[39m\n            \u001b[36m<label>\u001b[39m\n              \u001b[0m╨Я╨░╤А╨╛╨╗╤М\u001b[0m\n            \u001b[36m</label>\u001b[39m\n            \u001b[36m<input\u001b[39m\n              \u001b[33mplaceholder\u001b[39m=\u001b[32m\"тАвтАвтАвтАвтАвтАвтАвтАв\"\u001b[39m\n              \u001b[33mrequired\u001b[39m=\u001b[32m\"\"\u001b[39m\n              \u001b[33mtype\u001b[39m=\u001b[32m\"password\"\u001b[39m\n              \u001b[33mvalue\u001b[39m=\u001b[32m\"\"\u001b[39m\n            \u001b[36m/>\u001b[39m\n          \u001b[36m</div>\u001b[39m\n          \u001b[36m<button\u001b[39m\n            \u001b[33mclass\u001b[39m=\u001b[32m\"login-page__button\"\u001b[39m\n            \u001b[33mtype\u001b[39m=\u001b[32m\"submit\"\u001b[39m\n          \u001b[36m>\u001b[39m\n            \u001b[0m╨Т╨╛╨╣╤В╨╕\u001b[0m\n          \u001b[36m</button>\u001b[39m\n        \u001b[36m</form>\u001b[39m\n        \u001b[36m<div\u001b[39m\n          \u001b[33mclass\u001b[39m=\u001b[32m\"login-page__footer\"\u001b[39m\n        \u001b[36m>\u001b[39m\n          \u001b[36m<p>\u001b[39m\n            \u001b[0m╨Э╨╡╤В ╨░╨║╨║╨░╤Г╨╜╤В╨░? \u001b[0m\n            \u001b[36m<button>\u001b[39m\n              \u001b[0m╨б╨╛╨╖╨┤╨░╤В╤М\u001b[0m\n            \u001b[36m</button>\u001b[39m\n          \u001b[36m</p>\u001b[39m\n        \u001b[36m</div>\u001b[39m\n      \u001b[36m</div>\u001b[39m\n      \u001b[36m<div\u001b[39m\n        \u001b[33mclass\u001b[39m=\u001b[32m\"login-page__decoration\"\u001b[39m\n      \u001b[36m>\u001b[39m\n        \u001b[36m<div\u001b[39m\n          \u001b[33mclass\u001b[39m=\u001b[32m\"login-page__quarter-circle\"\u001b[39m\n        \u001b[36m/>\u001b[39m\n        \u001b[36m<div\u001b[39m\n          \u001b[33mclass\u001b[39m=\u001b[32m\"login-page__white-arc\"\u001b[39m\n        \u001b[36m/>\u001b[39m\n      \u001b[36m</div>\u001b[39m\n    \u001b[36m</div>\u001b[39m\n  \u001b[36m</div>\u001b[39m\n\u001b[36m</body>\u001b[39m\n    at Object.getElementError (C:\\Users\\kllvv\\Downloads\\CRM\\CRM-web-app\\node_modules\\@testing-library\\dom\\dist\\config.js:37:19)\n    at getAllByLabelText (C:\\Users\\kllvv\\Downloads\\CRM\\CRM-web-app\\node_modules\\@testing-library\\dom\\dist\\queries\\label-text.js:108:40)\n    at C:\\Users\\kllvv\\Downloads\\CRM\\CRM-web-app\\node_modules\\@testing-library\\dom\\dist\\query-helpers.js:52:17\n    at C:\\Users\\kllvv\\Downloads\\CRM\\CRM-web-app\\node_modules\\@testing-library\\dom\\dist\\query-helpers.js:95:19\n    at C:/Users/kllvv/Downloads/CRM/CRM-web-app/src/components/LoginPage/LoginPage.test.tsx:47:29\n    at file:///C:/Users/kllvv/Downloads/CRM/CRM-web-app/node_modules/@vitest/runner/dist/index.js:296:11\n    at file:///C:/Users/kllvv/Downloads/CRM/CRM-web-app/node_modules/@vitest/runner/dist/index.js:1258:26\n    at file:///C:/Users/kllvv/Downloads/CRM/CRM-web-app/node_modules/@vitest/runner/dist/index.js:1681:20\n    at new Promise (<anonymous>)\n    at runWithCancel (file:///C:/Users/kllvv/Downloads/CRM/CRM-web-app/node_modules/@vitest/runner/dist/index.js:1678:10)"],"meta":{},"tags":[]},{"ancestorTitles":["LoginPage Component"],"fullName":"LoginPage Component displays error message on login failure","status":"failed","title":"displays error message on login failure","duration":2.5833000000000084,"failureMessages":["TestingLibraryElementError: Found a label with the text of: Email, however no form control was found associated to that label. Make sure you're using the \"for\" attribute or \"aria-labelledby\" attribute correctly.\n\nIgnored nodes: comments, script, style\n\u001b[36m<body>\u001b[39m\n  \u001b[36m<div>\u001b[39m\n    \u001b[36m<div\u001b[39m\n      \u001b[33mclass\u001b[39m=\u001b[32m\"login-page\"\u001b[39m\n    \u001b[36m>\u001b[39m\n      \u001b[36m<div\u001b[39m\n        \u001b[33mclass\u001b[39m=\u001b[32m\"login-page__container\"\u001b[39m\n      \u001b[36m>\u001b[39m\n        \u001b[36m<h1\u001b[39m\n          \u001b[33mclass\u001b[39m=\u001b[32m\"login-page__title\"\u001b[39m\n        \u001b[36m>\u001b[39m\n          \u001b[0mKP-CRM\u001b[0m\n        \u001b[36m</h1>\u001b[39m\n        \u001b[36m<h2\u001b[39m\n          \u001b[33mclass\u001b[39m=\u001b[32m\"login-page__subtitle\"\u001b[39m\n        \u001b[36m>\u001b[39m\n          \u001b[0m╨Т╤Е╨╛╨┤ ╨▓ ╤Б╨╕╤Б╤В╨╡╨╝╤Г\u001b[0m\n        \u001b[36m</h2>\u001b[39m\n        \u001b[36m<form\u001b[39m\n          \u001b[33mclass\u001b[39m=\u001b[32m\"login-page__form\"\u001b[39m\n        \u001b[36m>\u001b[39m\n          \u001b[36m<div\u001b[39m\n            \u001b[33mclass\u001b[39m=\u001b[32m\"login-page__form-group\"\u001b[39m\n          \u001b[36m>\u001b[39m\n            \u001b[36m<label>\u001b[39m\n              \u001b[0mEmail\u001b[0m\n            \u001b[36m</label>\u001b[39m\n            \u001b[36m<input\u001b[39m\n              \u001b[33mplaceholder\u001b[39m=\u001b[32m\"name@example.com\"\u001b[39m\n              \u001b[33mrequired\u001b[39m=\u001b[32m\"\"\u001b[39m\n              \u001b[33mtype\u001b[39m=\u001b[32m\"email\"\u001b[39m\n              \u001b[33mvalue\u001b[39m=\u001b[32m\"\"\u001b[39m\n            \u001b[36m/>\u001b[39m\n          \u001b[36m</div>\u001b[39m\n          \u001b[36m<div\u001b[39m\n            \u001b[33mclass\u001b[39m=\u001b[32m\"login-page__form-group\"\u001b[39m\n          \u001b[36m>\u001b[39m\n            \u001b[36m<label>\u001b[39m\n              \u001b[0m╨Я╨░╤А╨╛╨╗╤М\u001b[0m\n            \u001b[36m</label>\u001b[39m\n            \u001b[36m<input\u001b[39m\n              \u001b[33mplaceholder\u001b[39m=\u001b[32m\"тАвтАвтАвтАвтАвтАвтАвтАв\"\u001b[39m\n              \u001b[33mrequired\u001b[39m=\u001b[32m\"\"\u001b[39m\n              \u001b[33mtype\u001b[39m=\u001b[32m\"password\"\u001b[39m\n              \u001b[33mvalue\u001b[39m=\u001b[32m\"\"\u001b[39m\n            \u001b[36m/>\u001b[39m\n          \u001b[36m</div>\u001b[39m\n          \u001b[36m<button\u001b[39m\n            \u001b[33mclass\u001b[39m=\u001b[32m\"login-page__button\"\u001b[39m\n            \u001b[33mtype\u001b[39m=\u001b[32m\"submit\"\u001b[39m\n          \u001b[36m>\u001b[39m\n            \u001b[0m╨Т╨╛╨╣╤В╨╕\u001b[0m\n          \u001b[36m</button>\u001b[39m\n        \u001b[36m</form>\u001b[39m\n        \u001b[36m<div\u001b[39m\n          \u001b[33mclass\u001b[39m=\u001b[32m\"login-page__footer\"\u001b[39m\n        \u001b[36m>\u001b[39m\n          \u001b[36m<p>\u001b[39m\n            \u001b[0m╨Э╨╡╤В ╨░╨║╨║╨░╤Г╨╜╤В╨░? \u001b[0m\n            \u001b[36m<button>\u001b[39m\n              \u001b[0m╨б╨╛╨╖╨┤╨░╤В╤М\u001b[0m\n            \u001b[36m</button>\u001b[39m\n          \u001b[36m</p>\u001b[39m\n        \u001b[36m</div>\u001b[39m\n      \u001b[36m</div>\u001b[39m\n      \u001b[36m<div\u001b[39m\n        \u001b[33mclass\u001b[39m=\u001b[32m\"login-page__decoration\"\u001b[39m\n      \u001b[36m>\u001b[39m\n        \u001b[36m<div\u001b[39m\n          \u001b[33mclass\u001b[39m=\u001b[32m\"login-page__quarter-circle\"\u001b[39m\n        \u001b[36m/>\u001b[39m\n        \u001b[36m<div\u001b[39m\n          \u001b[33mclass\u001b[39m=\u001b[32m\"login-page__white-arc\"\u001b[39m\n        \u001b[36m/>\u001b[39m\n      \u001b[36m</div>\u001b[39m\n    \u001b[36m</div>\u001b[39m\n  \u001b[36m</div>\u001b[39m\n\u001b[36m</body>\u001b[39m\n    at Object.getElementError (C:\\Users\\kllvv\\Downloads\\CRM\\CRM-web-app\\node_modules\\@testing-library\\dom\\dist\\config.js:37:19)\n    at getAllByLabelText (C:\\Users\\kllvv\\Downloads\\CRM\\CRM-web-app\\node_modules\\@testing-library\\dom\\dist\\queries\\label-text.js:108:40)\n    at C:\\Users\\kllvv\\Downloads\\CRM\\CRM-web-app\\node_modules\\@testing-library\\dom\\dist\\query-helpers.js:52:17\n    at C:\\Users\\kllvv\\Downloads\\CRM\\CRM-web-app\\node_modules\\@testing-library\\dom\\dist\\query-helpers.js:95:19\n    at C:/Users/kllvv/Downloads/CRM/CRM-web-app/src/components/LoginPage/LoginPage.test.tsx:66:29\n    at file:///C:/Users/kllvv/Downloads/CRM/CRM-web-app/node_modules/@vitest/runner/dist/index.js:296:11\n    at file:///C:/Users/kllvv/Downloads/CRM/CRM-web-app/node_modules/@vitest/runner/dist/index.js:1258:26\n    at file:///C:/Users/kllvv/Downloads/CRM/CRM-web-app/node_modules/@vitest/runner/dist/index.js:1681:20\n    at new Promise (<anonymous>)\n    at runWithCancel (file:///C:/Users/kllvv/Downloads/CRM/CRM-web-app/node_modules/@vitest/runner/dist/index.js:1678:10)"],"meta":{},"tags":[]},{"ancestorTitles":["LoginPage Component"],"fullName":"LoginPage Component handles successful registration","status":"failed","title":"handles successful registration","duration":4.667199999999866,"failureMessages":["TestingLibraryElementError: Found a label with the text of: ╨Т╨░╤И╨╡ ╨Ш╨╝╤П ╨╕ ╨д╨░╨╝╨╕╨╗╨╕╤П, however no form control was found associated to that label. Make sure you're using the \"for\" attribute or \"aria-labelledby\" attribute correctly.\n\nIgnored nodes: comments, script, style\n\u001b[36m<body>\u001b[39m\n  \u001b[36m<div>\u001b[39m\n    \u001b[36m<div\u001b[39m\n      \u001b[33mclass\u001b[39m=\u001b[32m\"login-page\"\u001b[39m\n    \u001b[36m>\u001b[39m\n      \u001b[36m<div\u001b[39m\n        \u001b[33mclass\u001b[39m=\u001b[32m\"login-page__container\"\u001b[39m\n      \u001b[36m>\u001b[39m\n        \u001b[36m<h1\u001b[39m\n          \u001b[33mclass\u001b[39m=\u001b[32m\"login-page__title\"\u001b[39m\n        \u001b[36m>\u001b[39m\n          \u001b[0mKP-CRM\u001b[0m\n        \u001b[36m</h1>\u001b[39m\n        \u001b[36m<h2\u001b[39m\n          \u001b[33mclass\u001b[39m=\u001b[32m\"login-page__subtitle\"\u001b[39m\n        \u001b[36m>\u001b[39m\n          \u001b[0m╨а╨╡╨│╨╕╤Б╤В╤А╨░╤Ж╨╕╤П\u001b[0m\n        \u001b[36m</h2>\u001b[39m\n        \u001b[36m<form\u001b[39m\n          \u001b[33mclass\u001b[39m=\u001b[32m\"login-page__form\"\u001b[39m\n        \u001b[36m>\u001b[39m\n          \u001b[36m<div\u001b[39m\n            \u001b[33mclass\u001b[39m=\u001b[32m\"login-page__form-group\"\u001b[39m\n          \u001b[36m>\u001b[39m\n            \u001b[36m<label>\u001b[39m\n              \u001b[0m╨Т╨░╤И╨╡ ╨Ш╨╝╤П ╨╕ ╨д╨░╨╝╨╕╨╗╨╕╤П\u001b[0m\n            \u001b[36m</label>\u001b[39m\n            \u001b[36m<input\u001b[39m\n              \u001b[33mplaceholder\u001b[39m=\u001b[32m\"╨Ш╨▓╨░╨╜ ╨Ш╨▓╨░╨╜╨╛╨▓\"\u001b[39m\n              \u001b[33mrequired\u001b[39m=\u001b[32m\"\"\u001b[39m\n              \u001b[33mtype\u001b[39m=\u001b[32m\"text\"\u001b[39m\n              \u001b[33mvalue\u001b[39m=\u001b[32m\"\"\u001b[39m\n            \u001b[36m/>\u001b[39m\n          \u001b[36m</div>\u001b[39m\n          \u001b[36m<div\u001b[39m\n            \u001b[33mclass\u001b[39m=\u001b[32m\"login-page__form-group\"\u001b[39m\n          \u001b[36m>\u001b[39m\n            \u001b[36m<label>\u001b[39m\n              \u001b[0m╨Ш╨╝╤П ╨┐╨╛╨╗╤М╨╖╨╛╨▓╨░╤В╨╡╨╗╤П (╨Э╨╕╨║╨╜╨╡╨╣╨╝)\u001b[0m\n            \u001b[36m</label>\u001b[39m\n            \u001b[36m<input\u001b[39m\n              \u001b[33mplaceholder\u001b[39m=\u001b[32m\"ivan_i\"\u001b[39m\n              \u001b[33mtype\u001b[39m=\u001b[32m\"text\"\u001b[39m\n              \u001b[33mvalue\u001b[39m=\u001b[32m\"\"\u001b[39m\n            \u001b[36m/>\u001b[39m\n          \u001b[36m</div>\u001b[39m\n          \u001b[36m<div\u001b[39m\n            \u001b[33mclass\u001b[39m=\u001b[32m\"login-page__form-group\"\u001b[39m\n          \u001b[36m>\u001b[39m\n            \u001b[36m<label>\u001b[39m\n              \u001b[0mEmail\u001b[0m\n            \u001b[36m</label>\u001b[39m\n            \u001b[36m<input\u001b[39m\n              \u001b[33mplaceholder\u001b[39m=\u001b[32m\"name@example.com\"\u001b[39m\n              \u001b[33mrequired\u001b[39m=\u001b[32m\"\"\u001b[39m\n              \u001b[33mtype\u001b[39m=\u001b[32m\"email\"\u001b[39m\n              \u001b[33mvalue\u001b[39m=\u001b[32m\"\"\u001b[39m\n            \u001b[36m/>\u001b[39m\n          \u001b[36m</div>\u001b[39m\n          \u001b[36m<div\u001b[39m\n            \u001b[33mclass\u001b[39m=\u001b[32m\"login-page__form-group\"\u001b[39m\n          \u001b[36m>\u001b[39m\n            \u001b[36m<label>\u001b[39m\n              \u001b[0m╨Я╨░╤А╨╛╨╗╤М\u001b[0m\n            \u001b[36m</label>\u001b[39m\n            \u001b[36m<input\u001b[39m\n              \u001b[33mplaceholder\u001b[39m=\u001b[32m\"тАвтАвтАвтАвтАвтАвтАвтАв\"\u001b[39m\n              \u001b[33mrequired\u001b[39m=\u001b[32m\"\"\u001b[39m\n              \u001b[33mtype\u001b[39m=\u001b[32m\"password\"\u001b[39m\n              \u001b[33mvalue\u001b[39m=\u001b[32m\"\"\u001b[39m\n            \u001b[36m/>\u001b[39m\n          \u001b[36m</div>\u001b[39m\n          \u001b[36m<button\u001b[39m\n            \u001b[33mclass\u001b[39m=\u001b[32m\"login-page__button\"\u001b[39m\n            \u001b[33mtype\u001b[39m=\u001b[32m\"submit\"\u001b[39m\n          \u001b[36m>\u001b[39m\n            \u001b[0m╨Ч╨░╤А╨╡╨│╨╕╤Б╤В╤А╨╕╤А╨╛╨▓╨░╤В╤М╤Б╤П\u001b[0m\n          \u001b[36m</button>\u001b[39m\n        \u001b[36m</form>\u001b[39m\n        \u001b[36m<div\u001b[39m\n          \u001b[33mclass\u001b[39m=\u001b[32m\"login-page__footer\"\u001b[39m\n        \u001b[36m>\u001b[39m\n          \u001b[36m<p>\u001b[39m\n            \u001b[0m╨г╨╢╨╡ ╨╡╤Б╤В╤М ╨░╨║╨║╨░╤Г╨╜╤В? \u001b[0m\n            \u001b[36m<button>\u001b[39m\n              \u001b[0m╨Т╨╛╨╣╤В╨╕\u001b[0m\n            \u001b[36m</button>\u001b[39m\n          \u001b[36m</p>\u001b[39m\n        \u001b[36m</div>\u001b[39m\n      \u001b[36m</div>\u001b[39m\n      \u001b[36m<div\u001b[39m\n        \u001b[33mclass\u001b[39m=\u001b[32m\"login-page__decoration\"\u001b[39m\n      \u001b[36m>\u001b[39m\n        \u001b[36m<div\u001b[39m\n          \u001b[33mclass\u001b[39m=\u001b[32m\"login-page__quarter-circle\"\u001b[39m\n        \u001b[36m/>\u001b[39m\n        \u001b[36m<div\u001b[39m\n          \u001b[33mclass\u001b[39m=\u001b[32m\"login-page__white-arc\"\u001b[39m\n        \u001b[36m/>\u001b[39m\n      \u001b[36m</div>\u001b[39m\n    \u001b[36m</div>\u001b[39m\n  \u001b[36m</div>\u001b[39m\n\u001b[36m</body>\u001b[39m\n    at Object.getElementError (C:\\Users\\kllvv\\Downloads\\CRM\\CRM-web-app\\node_modules\\@testing-library\\dom\\dist\\config.js:37:19)\n    at getAllByLabelText (C:\\Users\\kllvv\\Downloads\\CRM\\CRM-web-app\\node_modules\\@testing-library\\dom\\dist\\queries\\label-text.js:108:40)\n    at C:\\Users\\kllvv\\Downloads\\CRM\\CRM-web-app\\node_modules\\@testing-library\\dom\\dist\\query-helpers.js:52:17\n    at C:\\Users\\kllvv\\Downloads\\CRM\\CRM-web-app\\node_modules\\@testing-library\\dom\\dist\\query-helpers.js:95:19\n    at C:/Users/kllvv/Downloads/CRM/CRM-web-app/src/components/LoginPage/LoginPage.test.tsx:86:29\n    at file:///C:/Users/kllvv/Downloads/CRM/CRM-web-app/node_modules/@vitest/runner/dist/index.js:296:11\n    at file:///C:/Users/kllvv/Downloads/CRM/CRM-web-app/node_modules/@vitest/runner/dist/index.js:1258:26\n    at file:///C:/Users/kllvv/Downloads/CRM/CRM-web-app/node_modules/@vitest/runner/dist/index.js:1681:20\n    at new Promise (<anonymous>)\n    at runWithCancel (file:///C:/Users/kllvv/Downloads/CRM/CRM-web-app/node_modules/@vitest/runner/dist/index.js:1678:10)"],"meta":{},"tags":[]}],"startTime":1773471999376,"endTime":1773471999530.6672,"status":"failed","message":"","name":"C:/Users/kllvv/Downloads/CRM/CRM-web-app/src/components/LoginPage/LoginPage.test.tsx"}]}
